pullToRefreshlibrary/build/outputs/logs/manifest-merger-release-report.txt
-- Merging decision tree log ---
manifest
ADDED from DiaoYu-master\pullToRefreshlibrary\AndroidManifest.xml:2:1-9:12
INJECTED from DiaoYu-master\pullToRefreshlibrary\AndroidManifest.xml:2:1-9:12
INJECTED from DiaoYu-master\pullToRefreshlibrary\AndroidManifest.xml:2:1-9:12
INJECTED from DiaoYu-master\pullToRefreshlibrary\AndroidManifest.xml:2:1-9:12
INJECTED from DiaoYu-master\pullToRefreshlibrary\AndroidManifest.xml:2:1-9:12
INJECTED from DiaoYu-master\pullToRefreshlibrary\AndroidManifest.xml:2:1-9:12
INJECTED from DiaoYu-master\pullToRefreshlibrary\AndroidManifest.xml:2:1-9:12
	package
		ADDED from DiaoYu-master\pullToRefreshlibrary\AndroidManifest.xml:3:5-49
		INJECTED from DiaoYu-master\pullToRefreshlibrary\AndroidManifest.xml
		INJECTED from DiaoYu-master\pullToRefreshlibrary\AndroidManifest.xml
	android:versionName
		ADDED from DiaoYu-master\pullToRefreshlibrary\AndroidManifest.xml:5:5-32
		INJECTED from DiaoYu-master\pullToRefreshlibrary\AndroidManifest.xml
		INJECTED from DiaoYu-master\pullToRefreshlibrary\AndroidManifest.xml
	xmlns:android
		ADDED from DiaoYu-master\pullToRefreshlibrary\AndroidManifest.xml:2:11-69
	android:versionCode
		ADDED from DiaoYu-master\pullToRefreshlibrary\AndroidManifest.xml:4:5-31
		INJECTED from DiaoYu-master\pullToRefreshlibrary\AndroidManifest.xml
		INJECTED from DiaoYu-master\pullToRefreshlibrary\AndroidManifest.xml
application
ADDED from DiaoYu-master\pullToRefreshlibrary\AndroidManifest.xml:7:5-20